0 info it worked if it ends with ok
1 verbose cli [ '/Users/lleixu/.nodebrew/node/v7.5.0/bin/node',
1 verbose cli   '/Users/lleixu/.nodebrew/current/bin/npm',
1 verbose cli   'publish' ]
2 info using npm@4.1.2
3 info using node@v7.5.0
4 verbose publish [ '.' ]
5 silly cache add args [ '.', null ]
6 verbose cache add spec .
7 silly cache add parsed spec Result {
7 silly cache add   raw: '.',
7 silly cache add   scope: null,
7 silly cache add   escapedName: null,
7 silly cache add   name: null,
7 silly cache add   rawSpec: '.',
7 silly cache add   spec: '/Users/lleixu/Documents/worknow/nodejs_module/generator-aws-grunt-project',
7 silly cache add   type: 'directory' }
8 verbose addLocalDirectory /Users/lleixu/.npm/generator-aws-grunt-project/0.0.2/package.tgz not in flight; packing
9 verbose correctMkdir /Users/lleixu/.npm correctMkdir not in flight; initializing
10 warn prepublish-on-install As of npm@5, `prepublish` scripts will run only for `npm publish`.
11 warn prepublish-on-install (In npm@4 and previous versions, it also runs for `npm install`.)
12 warn prepublish-on-install See the deprecation note in `npm help scripts` for more information.
13 info lifecycle generator-aws-grunt-project@0.0.2~prepublish: generator-aws-grunt-project@0.0.2
14 verbose lifecycle generator-aws-grunt-project@0.0.2~prepublish: unsafe-perm in lifecycle true
15 verbose lifecycle generator-aws-grunt-project@0.0.2~prepublish: PATH: /Users/lleixu/.nodebrew/node/v7.5.0/lib/node_modules/npm/bin/node-gyp-bin:/Users/lleixu/Documents/worknow/nodejs_module/generator-aws-grunt-project/node_modules/.bin:/Users/lleixu/.nodebrew/current/bin:/usr/bin:/bin:/usr/sbin:/sbin:/usr/local/bin:/usr/local/sbin:/usr/local/Cellar/apache-geode/1.0.0-incubating/libexec/bin
16 verbose lifecycle generator-aws-grunt-project@0.0.2~prepublish: CWD: /Users/lleixu/Documents/worknow/nodejs_module/generator-aws-grunt-project
17 silly lifecycle generator-aws-grunt-project@0.0.2~prepublish: Args: [ '-c', 'nsp check' ]
18 silly lifecycle generator-aws-grunt-project@0.0.2~prepublish: Returned: code: 0  signal: null
19 info lifecycle generator-aws-grunt-project@0.0.2~prepare: generator-aws-grunt-project@0.0.2
20 silly lifecycle generator-aws-grunt-project@0.0.2~prepare: no script for prepare, continuing
21 verbose tar pack [ '/Users/lleixu/.npm/generator-aws-grunt-project/0.0.2/package.tgz',
21 verbose tar pack   '/Users/lleixu/Documents/worknow/nodejs_module/generator-aws-grunt-project' ]
22 verbose tarball /Users/lleixu/.npm/generator-aws-grunt-project/0.0.2/package.tgz
23 verbose folder /Users/lleixu/Documents/worknow/nodejs_module/generator-aws-grunt-project
24 verbose addLocalTarball adding from inside cache /Users/lleixu/.npm/generator-aws-grunt-project/0.0.2/package.tgz
25 verbose correctMkdir /Users/lleixu/.npm correctMkdir not in flight; initializing
26 silly cache afterAdd generator-aws-grunt-project@0.0.2
27 verbose afterAdd /Users/lleixu/.npm/generator-aws-grunt-project/0.0.2/package/package.json not in flight; writing
28 verbose correctMkdir /Users/lleixu/.npm correctMkdir not in flight; initializing
29 verbose afterAdd /Users/lleixu/.npm/generator-aws-grunt-project/0.0.2/package/package.json written
30 silly publish { name: 'generator-aws-grunt-project',
30 silly publish   version: '0.0.2',
30 silly publish   description: 'Generate a boilerplate project(microservices) which utilizes aws-grunt-deploy to deploy to AWS including CI/CD features.',
30 silly publish   homepage: 'http://github.com/komushi/generator-aws-grunt-project',
30 silly publish   author: { name: 'Lei Xu', email: 'komushi@gmail.com' },
30 silly publish   files: [ 'generators' ],
30 silly publish   main: 'generators/index.js',
30 silly publish   keywords: [ 'aws', 'lambda', 'yeoman', 'genarator', 'yeoman-generator' ],
30 silly publish   devDependencies:
30 silly publish    { 'yeoman-test': '^1.6.0',
30 silly publish      'yeoman-assert': '^3.0.0',
30 silly publish      nsp: '^2.6.3',
30 silly publish      eslint: '^3.18.0',
30 silly publish      'eslint-config-xo-space': '^0.16.0',
30 silly publish      jest: '^19.0.2',
30 silly publish      'jest-cli': '^19.0.1' },
30 silly publish   dependencies:
30 silly publish    { chalk: '^1.1.3',
30 silly publish      envfile: '^2.1.1',
30 silly publish      'gruntfile-editor': '^1.2.1',
30 silly publish      'js-yaml': '^3.8.4',
30 silly publish      'schema-object': '^4.0.11',
30 silly publish      'stringify-object': '^3.2.0',
30 silly publish      'yeoman-generator': '^1.0.0',
30 silly publish      yosay: '^2.0.0' },
30 silly publish   jest: { testEnvironment: 'node' },
30 silly publish   scripts:
30 silly publish    { prepublish: 'nsp check',
30 silly publish      pretest: 'eslint . --fix',
30 silly publish      test: 'jest' },
30 silly publish   eslintConfig: { extends: 'xo-space', env: { jest: true, node: true } },
30 silly publish   repository:
30 silly publish    { type: 'git',
30 silly publish      url: 'git+https://github.com/komushi/generator-aws-grunt-project.git' },
30 silly publish   license: 'ISC',
30 silly publish   readme: '# generator-aws-grunt-project [![NPM version][npm-image]][npm-url] [![Build Status][travis-image]][travis-url] [![Dependency Status][daviddm-image]][daviddm-url]\n> Generate a boilerplate project(microservices) which utilizes aws-grunt-deploy to deploy to AWS including CI/CD features.\n\n## Installation\n\nFirst, install [Yeoman](http://yeoman.io) and generator-aws-grunt-project using [npm](https://www.npmjs.com/) (we assume you have pre-installed [node.js](https://nodejs.org/)).\n\n```bash\nnpm install -g yo\nnpm install -g generator-aws-grunt-project\n```\n\nThen generate your new project:\n\n```bash\nyo aws-grunt-project\n```\n\n## Getting To Know Yeoman\n\n * Yeoman has a heart of gold.\n * Yeoman is a person with feelings and opinions, but is very easy to work with.\n * Yeoman can be too opinionated at times but is easily convinced not to be.\n * Feel free to [learn more about Yeoman](http://yeoman.io/).\n\n## License\n\nISC © [Lei Xu]()\n\n\n[npm-image]: https://badge.fury.io/js/generator-aws-grunt-project.svg\n[npm-url]: https://npmjs.org/package/generator-aws-grunt-project\n[travis-image]: https://travis-ci.org/komushi/generator-aws-grunt-project.svg?branch=master\n[travis-url]: https://travis-ci.org/komushi/generator-aws-grunt-project\n[daviddm-image]: https://david-dm.org/komushi/generator-aws-grunt-project.svg?theme=shields.io\n[daviddm-url]: https://david-dm.org/komushi/generator-aws-grunt-project\n',
30 silly publish   readmeFilename: 'README.md',
30 silly publish   gitHead: 'f13924e0a28d0391824fa74ac717155ecb6cf1a6',
30 silly publish   bugs: { url: 'https://github.com/komushi/generator-aws-grunt-project/issues' },
30 silly publish   _id: 'generator-aws-grunt-project@0.0.2',
30 silly publish   _shasum: 'f213ab5aad2ad214f0e5cb4546c0d806d632581e',
30 silly publish   _from: '.' }
31 info lifecycle generator-aws-grunt-project@0.0.2~prepublishOnly: generator-aws-grunt-project@0.0.2
32 silly lifecycle generator-aws-grunt-project@0.0.2~prepublishOnly: no script for prepublishOnly, continuing
33 verbose getPublishConfig undefined
34 silly mapToRegistry name generator-aws-grunt-project
35 silly mapToRegistry using default registry
36 silly mapToRegistry registry https://registry.npmjs.org/
37 silly mapToRegistry data Result {
37 silly mapToRegistry   raw: 'generator-aws-grunt-project',
37 silly mapToRegistry   scope: null,
37 silly mapToRegistry   escapedName: 'generator-aws-grunt-project',
37 silly mapToRegistry   name: 'generator-aws-grunt-project',
37 silly mapToRegistry   rawSpec: '',
37 silly mapToRegistry   spec: 'latest',
37 silly mapToRegistry   type: 'tag' }
38 silly mapToRegistry uri https://registry.npmjs.org/generator-aws-grunt-project
39 verbose publish registryBase https://registry.npmjs.org/
40 silly publish uploading /Users/lleixu/.npm/generator-aws-grunt-project/0.0.2/package.tgz
41 verbose request uri https://registry.npmjs.org/generator-aws-grunt-project
42 verbose request sending authorization for write operation
43 info attempt registry request try #1 at 5:00:40 PM
44 verbose request using bearer token for auth
45 verbose request id 7a6d234e3d09d095
46 http request PUT https://registry.npmjs.org/generator-aws-grunt-project
47 http 403 https://registry.npmjs.org/generator-aws-grunt-project
48 verbose headers { 'content-type': 'application/json',
48 verbose headers   'cache-control': 'max-age=300',
48 verbose headers   'content-length': '95',
48 verbose headers   'accept-ranges': 'bytes',
48 verbose headers   date: 'Wed, 24 May 2017 08:00:39 GMT',
48 verbose headers   via: '1.1 varnish',
48 verbose headers   connection: 'keep-alive',
48 verbose headers   'x-served-by': 'cache-itm7421-ITM',
48 verbose headers   'x-cache': 'MISS',
48 verbose headers   'x-cache-hits': '0',
48 verbose headers   'x-timer': 'S1495612839.156384,VS0,VE703',
48 verbose headers   vary: 'Accept-Encoding' }
49 verbose request invalidating /Users/lleixu/.npm/registry.npmjs.org/generator-aws-grunt-project on PUT
50 error publish Failed PUT 403
51 verbose stack Error: "You cannot publish over the previously published version 0.0.2." : generator-aws-grunt-project
51 verbose stack     at makeError (/Users/lleixu/.nodebrew/node/v7.5.0/lib/node_modules/npm/node_modules/npm-registry-client/lib/request.js:304:12)
51 verbose stack     at CachingRegistryClient.<anonymous> (/Users/lleixu/.nodebrew/node/v7.5.0/lib/node_modules/npm/node_modules/npm-registry-client/lib/request.js:292:14)
51 verbose stack     at Request._callback (/Users/lleixu/.nodebrew/node/v7.5.0/lib/node_modules/npm/node_modules/npm-registry-client/lib/request.js:212:14)
51 verbose stack     at Request.self.callback (/Users/lleixu/.nodebrew/node/v7.5.0/lib/node_modules/npm/node_modules/request/request.js:186:22)
51 verbose stack     at emitTwo (events.js:106:13)
51 verbose stack     at Request.emit (events.js:192:7)
51 verbose stack     at Request.<anonymous> (/Users/lleixu/.nodebrew/node/v7.5.0/lib/node_modules/npm/node_modules/request/request.js:1081:10)
51 verbose stack     at emitOne (events.js:96:13)
51 verbose stack     at Request.emit (events.js:189:7)
51 verbose stack     at IncomingMessage.<anonymous> (/Users/lleixu/.nodebrew/node/v7.5.0/lib/node_modules/npm/node_modules/request/request.js:1001:12)
52 verbose statusCode 403
53 verbose pkgid generator-aws-grunt-project
54 verbose cwd /Users/lleixu/Documents/worknow/nodejs_module/generator-aws-grunt-project
55 error Darwin 16.5.0
56 error argv "/Users/lleixu/.nodebrew/node/v7.5.0/bin/node" "/Users/lleixu/.nodebrew/current/bin/npm" "publish"
57 error node v7.5.0
58 error npm  v4.1.2
59 error code E403
60 error "You cannot publish over the previously published version 0.0.2." : generator-aws-grunt-project
61 error If you need help, you may report this error at:
61 error     <https://github.com/npm/npm/issues>
62 verbose exit [ 1, true ]
